[0628/081150.481:ERROR:process_reader_win.cc(233)] ReadMemory at 0x6d400000 of 64 bytes failed: 仅完成部分的 ReadProcessMemory 或 WriteProcessMemory 请求。 (0x12B)
[0628/081150.481:WARNING:pe_image_reader.cc(281)] could not read dos header from C:\Windows\SYSTEM32\MSACM32.dll
[0628/081150.481:ERROR:process_reader_win.cc(233)] ReadMemory at 0x530a0000 of 64 bytes failed: 仅完成部分的 ReadProcessMemory 或 WriteProcessMemory 请求。 (0x12B)
[0628/081150.481:WARNING:pe_image_reader.cc(281)] could not read dos header from C:\Program Files (x86)\Google\Chrome\Application\58.0.3000.4\chrome_elf.dll
[0628/081150.481:ERROR:process_reader_win.cc(233)] ReadMemory at 0x6cd10000 of 64 bytes failed: 仅完成部分的 ReadProcessMemory 或 WriteProcessMemory 请求。 (0x12B)
[0628/081150.481:WARNING:pe_image_reader.cc(281)] could not read dos header from C:\Windows\SYSTEM32\WINHTTP.dll
[0628/081150.481:ERROR:process_reader_win.cc(233)] ReadMemory at 0x53050000 of 64 bytes failed: 仅完成部分的 ReadProcessMemory 或 WriteProcessMemory 请求。 (0x12B)
[0628/081150.481:WARNING:pe_image_reader.cc(281)] could not read dos header from C:\Windows\SYSTEM32\ninput.dll
[0628/081150.481:ERROR:process_reader_win.cc(233)] ReadMemory at 0x711f0000 of 64 bytes failed: 仅完成部分的 ReadProcessMemory 或 WriteProcessMemory 请求。 (0x12B)
[0628/081150.481:WARNING:pe_image_reader.cc(281)] could not read dos header from E:\Program Files (x86)\360\360safe\safemon\safemon.dll
[0628/081150.481:ERROR:process_reader_win.cc(233)] ReadMemory at 0x68da0000 of 64 bytes failed: 仅完成部分的 ReadProcessMemory 或 WriteProcessMemory 请求。 (0x12B)
[0628/081150.481:WARNING:pe_image_reader.cc(281)] could not read dos header from E:\Program Files (x86)\360\360safe\safemon\iNetSafe.dll
[0628/081150.481:ERROR:process_reader_win.cc(233)] ReadMemory at 0x71420000 of 64 bytes failed: 仅完成部分的 ReadProcessMemory 或 WriteProcessMemory 请求。 (0x12B)
[0628/081150.481:WARNING:pe_image_reader.cc(281)] could not read dos header from C:\Windows\WinSxS\x86_microsoft.windows.common-controls_6595b64144ccf1df_6.0.14393.0_none_74bc87d3d22d9abe\COMCTL32.dll
[0628/081150.496:ERROR:process_reader_win.cc(233)] ReadMemory at 0x71a00000 of 64 bytes failed: 仅完成部分的 ReadProcessMemory 或 WriteProcessMemory 请求。 (0x12B)
[0628/081150.496:WARNING:pe_image_reader.cc(281)] could not read dos header from C:\Windows\SYSTEM32\DWrite.dll
[0628/081150.496:ERROR:process_reader_win.cc(233)] ReadMemory at 0x68e90000 of 64 bytes failed: 仅完成部分的 ReadProcessMemory 或 WriteProcessMemory 请求。 (0x12B)
[0628/081150.496:WARNING:pe_image_reader.cc(281)] could not read dos header from C:\Windows\SYSTEM32\FONTSUB.dll
[0628/081150.496:ERROR:process_reader_win.cc(233)] ReadMemory at 0xf820000 of 64 bytes failed: 仅完成部分的 ReadProcessMemory 或 WriteProcessMemory 请求。 (0x12B)
[0628/081150.496:WARNING:pe_image_reader.cc(281)] could not read dos header from C:\Program Files (x86)\Google\Chrome\Application\58.0.3000.4\chrome_child.dll
[0628/081150.496:ERROR:process_reader_win.cc(233)] ReadMemory at 0x53120000 of 64 bytes failed: 仅完成部分的 ReadProcessMemory 或 WriteProcessMemory 请求。 (0x12B)
[0628/081150.496:WARNING:pe_image_reader.cc(281)] could not read dos header from C:\Windows\AppPatch\AcGenral.dll
[0628/081150.496:ERROR:process_reader_win.cc(233)] ReadMemory at 0x6ce70000 of 64 bytes failed: 仅完成部分的 ReadProcessMemory 或 WriteProcessMemory 请求。 (0x12B)
[0628/081150.496:WARNING:pe_image_reader.cc(281)] could not read dos header from C:\Windows\system32\apphelp.dll
[0628/081150.496:ERROR:process_reader_win.cc(233)] ReadMemory at 0x722e0000 of 64 bytes failed: 仅完成部分的 ReadProcessMemory 或 WriteProcessMemory 请求。 (0x12B)
[0628/081150.496:WARNING:pe_image_reader.cc(281)] could not read dos header from C:\Windows\SYSTEM32\UxTheme.dll
[0628/081150.496:ERROR:process_reader_win.cc(233)] ReadMemory at 0x6d400000 of 64 bytes failed: 仅完成部分的 ReadProcessMemory 或 WriteProcessMemory 请求。 (0x12B)
[0628/081150.496:WARNING:pe_image_reader.cc(281)] could not read dos header from C:\Windows\SYSTEM32\MSACM32.dll
[0628/081150.496:ERROR:process_reader_win.cc(233)] ReadMemory at 0x721d0000 of 64 bytes failed: 仅完成部分的 ReadProcessMemory 或 WriteProcessMemory 请求。 (0x12B)
[0628/081150.496:WARNING:pe_image_reader.cc(281)] could not read dos header from C:\Windows\SYSTEM32\dwmapi.dll
[0628/081150.496:ERROR:process_reader_win.cc(233)] ReadMemory at 0x71630000 of 64 bytes failed: 仅完成部分的 ReadProcessMemory 或 WriteProcessMemory 请求。 (0x12B)
[0628/081150.496:WARNING:pe_image_reader.cc(281)] could not read dos header from C:\Windows\SYSTEM32\iertutil.dll
[0628/081150.496:ERROR:process_reader_win.cc(233)] ReadMemory at 0x71860000 of 64 bytes failed: 仅完成部分的 ReadProcessMemory 或 WriteProcessMemory 请求。 (0x12B)
[0628/081150.496:WARNING:pe_image_reader.cc(281)] could not read dos header from C:\Windows\SYSTEM32\urlmon.dll
[0628/081150.496:ERROR:process_reader_win.cc(233)] ReadMemory at 0x727b0000 of 64 bytes failed: 仅完成部分的 ReadProcessMemory 或 WriteProcessMemory 请求。 (0x12B)
[0628/081150.496:WARNING:pe_image_reader.cc(281)] could not read dos header from C:\Windows\SYSTEM32\bcrypt.dll
[0628/081150.496:ERROR:process_reader_win.cc(233)] ReadMemory at 0x71f10000 of 64 bytes failed: 仅完成部分的 ReadProcessMemory 或 WriteProcessMemory 请求。 (0x12B)
[0628/081150.496:WARNING:pe_image_reader.cc(281)] could not read dos header from C:\Windows\SYSTEM32\WINSPOOL.DRV
[0628/081150.496:ERROR:process_reader_win.cc(233)] ReadMemory at 0x70c70000 of 64 bytes failed: 仅完成部分的 ReadProcessMemory 或 WriteProcessMemory 请求。 (0x12B)
[0628/081150.496:WARNING:pe_image_reader.cc(281)] could not read dos header from C:\Windows\SYSTEM32\MPR.dll
[0628/081150.496:ERROR:process_reader_win.cc(233)] ReadMemory at 0x530a0000 of 64 bytes failed: 仅完成部分的 ReadProcessMemory 或 WriteProcessMemory 请求。 (0x12B)
[0628/081150.496:WARNING:pe_image_reader.cc(281)] could not read dos header from C:\Program Files (x86)\Google\Chrome\Application\58.0.3000.4\chrome_elf.dll
[0628/081150.496:ERROR:process_reader_win.cc(233)] ReadMemory at 0x6cd10000 of 64 bytes failed: 仅完成部分的 ReadProcessMemory 或 WriteProcessMemory 请求。 (0x12B)
[0628/081150.496:WARNING:pe_image_reader.cc(281)] could not read dos header from C:\Windows\SYSTEM32\WINHTTP.dll
[0628/081150.496:ERROR:process_reader_win.cc(233)] ReadMemory at 0x53050000 of 64 bytes failed: 仅完成部分的 ReadProcessMemory 或 WriteProcessMemory 请求。 (0x12B)
[0628/081150.496:WARNING:pe_image_reader.cc(281)] could not read dos header from C:\Windows\SYSTEM32\ninput.dll
[0628/081150.496:ERROR:process_reader_win.cc(233)] ReadMemory at 0x73ee0000 of 64 bytes failed: 仅完成部分的 ReadProcessMemory 或 WriteProcessMemory 请求。 (0x12B)
[0628/081150.496:WARNING:pe_image_reader.cc(281)] could not read dos header from C:\Windows\SYSTEM32\NETAPI32.dll
[0628/081150.496:ERROR:process_reader_win.cc(233)] ReadMemory at 0x727d0000 of 64 bytes failed: 仅完成部分的 ReadProcessMemory 或 WriteProcessMemory 请求。 (0x12B)
[0628/081150.496:WARNING:pe_image_reader.cc(281)] could not read dos header from C:\Windows\SYSTEM32\WKSCLI.DLL
[0628/081150.496:ERROR:process_reader_win.cc(233)] ReadMemory at 0x73b30000 of 64 bytes failed: 仅完成部分的 ReadProcessMemory 或 WriteProcessMemory 请求。 (0x12B)
[0628/081150.496:WARNING:pe_image_reader.cc(281)] could not read dos header from C:\Windows\SYSTEM32\NETUTILS.DLL
[0628/081150.496:ERROR:process_reader_win.cc(233)] ReadMemory at 0x711f0000 of 64 bytes failed: 仅完成部分的 ReadProcessMemory 或 WriteProcessMemory 请求。 (0x12B)
[0628/081150.496:WARNING:pe_image_reader.cc(281)] could not read dos header from E:\Program Files (x86)\360\360safe\safemon\safemon.dll
[0628/081150.496:ERROR:process_reader_win.cc(233)] ReadMemory at 0x68da0000 of 64 bytes failed: 仅完成部分的 ReadProcessMemory 或 WriteProcessMemory 请求。 (0x12B)
[0628/081150.496:WARNING:pe_image_reader.cc(281)] could not read dos header from E:\Program Files (x86)\360\360safe\safemon\iNetSafe.dll
[0628/081150.496:ERROR:process_reader_win.cc(233)] ReadMemory at 0x71420000 of 64 bytes failed: 仅完成部分的 ReadProcessMemory 或 WriteProcessMemory 请求。 (0x12B)
[0628/081150.496:WARNING:pe_image_reader.cc(281)] could not read dos header from C:\Windows\WinSxS\x86_microsoft.windows.common-controls_6595b64144ccf1df_6.0.14393.0_none_74bc87d3d22d9abe\COMCTL32.dll
[0628/081150.496:ERROR:process_reader_win.cc(233)] ReadMemory at 0x74150000 of 64 bytes failed: 仅完成部分的 ReadProcessMemory 或 WriteProcessMemory 请求。 (0x12B)
[0628/081150.496:WARNING:pe_image_reader.cc(281)] could not read dos header from C:\Windows\System32\COMDLG32.dll
[0628/081150.496:ERROR:process_reader_win.cc(233)] ReadMemory at 0x72c40000 of 64 bytes failed: 仅完成部分的 ReadProcessMemory 或 WriteProcessMemory 请求。 (0x12B)
[0628/081150.496:WARNING:pe_image_reader.cc(281)] could not read dos header from C:\Windows\SYSTEM32\dbghelp.dll
[0628/081150.496:ERROR:process_reader_win.cc(233)] ReadMemory at 0x74a70000 of 64 bytes failed: 仅完成部分的 ReadProcessMemory 或 WriteProcessMemory 请求。 (0x12B)
[0628/081150.496:WARNING:pe_image_reader.cc(281)] could not read dos header from C:\Windows\System32\USP10.dll
[0628/081150.496:ERROR:process_reader_win.cc(233)] ReadMemory at 0x73eb0000 of 64 bytes failed: 仅完成部分的 ReadProcessMemory 或 WriteProcessMemory 请求。 (0x12B)
[0628/081150.496:WARNING:pe_image_reader.cc(281)] could not read dos header from C:\Windows\SYSTEM32\IPHLPAPI.DLL
[0628/081150.496:ERROR:process_reader_win.cc(233)] ReadMemory at 0x73bf0000 of 64 bytes failed: 仅完成部分的 ReadProcessMemory 或 WriteProcessMemory 请求。 (0x12B)
[0628/081150.496:WARNING:pe_image_reader.cc(281)] could not read dos header from C:\Windows\SYSTEM32\Secur32.dll
[0628/081150.496:ERROR:process_reader_win.cc(233)] ReadMemory at 0x71a00000 of 64 bytes failed: 仅完成部分的 ReadProcessMemory 或 WriteProcessMemory 请求。 (0x12B)
[0628/081150.496:WARNING:pe_image_reader.cc(281)] could not read dos header from C:\Windows\SYSTEM32\DWrite.dll
[0628/081150.496:ERROR:process_reader_win.cc(233)] ReadMemory at 0x68e90000 of 64 bytes failed: 仅完成部分的 ReadProcessMemory 或 WriteProcessMemory 请求。 (0x12B)
[0628/081150.496:WARNING:pe_image_reader.cc(281)] could not read dos header from C:\Windows\SYSTEM32\FONTSUB.dll
[0628/081150.496:ERROR:process_reader_win.cc(233)] ReadMemory at 0x74f60000 of 64 bytes failed: 仅完成部分的 ReadProcessMemory 或 WriteProcessMemory 请求。 (0x12B)
[0628/081150.496:WARNING:pe_image_reader.cc(281)] could not read dos header from C:\Windows\System32\MSASN1.dll
[0628/081150.496:ERROR:process_reader_win.cc(233)] ReadMemory at 0x751b0000 of 64 bytes failed: 仅完成部分的 ReadProcessMemory 或 WriteProcessMemory 请求。 (0x12B)
[0628/081150.496:WARNING:pe_image_reader.cc(281)] could not read dos header from C:\Windows\System32\CRYPT32.dll
[0628/081150.496:ERROR:process_reader_win.cc(233)] ReadMemory at 0x75ce0000 of 64 bytes failed: 仅完成部分的 ReadProcessMemory 或 WriteProcessMemory 请求。 (0x12B)
[0628/081150.496:WARNING:pe_image_reader.cc(281)] could not read dos header from C:\Windows\System32\WINTRUST.dll
[0628/081150.496:ERROR:process_reader_win.cc(233)] ReadMemory at 0xf820000 of 64 bytes failed: 仅完成部分的 ReadProcessMemory 或 WriteProcessMemory 请求。 (0x12B)
[0628/081150.496:WARNING:pe_image_reader.cc(281)] could not read dos header from C:\Program Files (x86)\Google\Chrome\Application\58.0.3000.4\chrome_child.dll
[0628/081150.512:ERROR:process_reader_win.cc(233)] ReadMemory at 0x46f3000 of 53248 bytes failed: 仅完成部分的 ReadProcessMemory 或 WriteProcessMemory 请求。 (0x12B)
[0628/081150.512:ERROR:crash_report_exception_handler.cc(111)] WriteEverything failed
[0628/081150.512:ERROR:scoped_process_suspend.cc(38)] NtResumeProcess: 已尝试访问正在退出的过程。  (0xc000010a)
